This is pdfTeX, Version 3.14159265-2.6-1.40.21 (TeX Live 2020) (preloaded format=pdflatex 2020.9.18)  19 SEP 2020 23:06
entering extended mode
 restricted \write18 enabled.
 %&-line parsing enabled.
**CSP-CFP-relationship-in-Africa.tex
(./CSP-CFP-relationship-in-Africa.tex
LaTeX2e <2020-02-02> patch level 5
L3 programming layer <2020-09-06> (/Users/odurooppong-nkrumah/Library/TinyTeX/t
exmf-dist/tex/latex/base/book.cls
Document Class: book 2019/12/20 v1.4l Standard LaTeX document class
(/Users/odurooppong-nkrumah/Library/TinyTeX/texmf-dist/tex/latex/base/bk12.clo
File: bk12.clo 2019/12/20 v1.4l Standard LaTeX file (size option)
)
\c@part=\count168
\c@chapter=\count169
\c@section=\count170
\c@subsection=\count171
\c@subsubsection=\count172
\c@paragraph=\count173
\c@subparagraph=\count174
\c@figure=\count175
\c@table=\count176
\abovecaptionskip=\skip47
\belowcaptionskip=\skip48
\bibindent=\dimen134
)
(/Users/odurooppong-nkrumah/Library/TinyTeX/texmf-dist/tex/latex/lm/lmodern.sty
Package: lmodern 2009/10/30 v1.6 Latin Modern Fonts
LaTeX Font Info:    Overwriting symbol font `operators' in version `normal'
(Font)                  OT1/cmr/m/n --> OT1/lmr/m/n on input line 22.
LaTeX Font Info:    Overwriting symbol font `letters' in version `normal'
(Font)                  OML/cmm/m/it --> OML/lmm/m/it on input line 23.
LaTeX Font Info:    Overwriting symbol font `symbols' in version `normal'
(Font)                  OMS/cmsy/m/n --> OMS/lmsy/m/n on input line 24.
LaTeX Font Info:    Overwriting symbol font `largesymbols' in version `normal'
(Font)                  OMX/cmex/m/n --> OMX/lmex/m/n on input line 25.
LaTeX Font Info:    Overwriting symbol font `operators' in version `bold'
(Font)                  OT1/cmr/bx/n --> OT1/lmr/bx/n on input line 26.
LaTeX Font Info:    Overwriting symbol font `letters' in version `bold'
(Font)                  OML/cmm/b/it --> OML/lmm/b/it on input line 27.
LaTeX Font Info:    Overwriting symbol font `symbols' in version `bold'
(Font)                  OMS/cmsy/b/n --> OMS/lmsy/b/n on input line 28.
LaTeX Font Info:    Overwriting symbol font `largesymbols' in version `bold'
(Font)                  OMX/cmex/m/n --> OMX/lmex/m/n on input line 29.
LaTeX Font Info:    Overwriting math alphabet `\mathbf' in version `normal'
(Font)                  OT1/cmr/bx/n --> OT1/lmr/bx/n on input line 31.
LaTeX Font Info:    Overwriting math alphabet `\mathsf' in version `normal'
(Font)                  OT1/cmss/m/n --> OT1/lmss/m/n on input line 32.
LaTeX Font Info:    Overwriting math alphabet `\mathit' in version `normal'
(Font)                  OT1/cmr/m/it --> OT1/lmr/m/it on input line 33.
LaTeX Font Info:    Overwriting math alphabet `\mathtt' in version `normal'
(Font)                  OT1/cmtt/m/n --> OT1/lmtt/m/n on input line 34.
LaTeX Font Info:    Overwriting math alphabet `\mathbf' in version `bold'
(Font)                  OT1/cmr/bx/n --> OT1/lmr/bx/n on input line 35.
LaTeX Font Info:    Overwriting math alphabet `\mathsf' in version `bold'
(Font)                  OT1/cmss/bx/n --> OT1/lmss/bx/n on input line 36.
LaTeX Font Info:    Overwriting math alphabet `\mathit' in version `bold'
(Font)                  OT1/cmr/bx/it --> OT1/lmr/bx/it on input line 37.
LaTeX Font Info:    Overwriting math alphabet `\mathtt' in version `bold'
(Font)                  OT1/cmtt/m/n --> OT1/lmtt/m/n on input line 38.
)
(/Users/odurooppong-nkrumah/Library/TinyTeX/texmf-dist/tex/latex/setspace/setsp
ace.sty
Package: setspace 2011/12/19 v6.7a set line spacing
)
(/Users/odurooppong-nkrumah/Library/TinyTeX/texmf-dist/tex/latex/amsfonts/amssy
mb.sty
Package: amssymb 2013/01/14 v3.01 AMS font symbols

(/Users/odurooppong-nkrumah/Library/TinyTeX/texmf-dist/tex/latex/amsfonts/amsfo
nts.sty
Package: amsfonts 2013/01/14 v3.01 Basic AMSFonts support
\@emptytoks=\toks15
\symAMSa=\mathgroup4
\symAMSb=\mathgroup5
LaTeX Font Info:    Redeclaring math symbol \hbar on input line 98.
LaTeX Font Info:    Overwriting math alphabet `\mathfrak' in version `bold'
(Font)                  U/euf/m/n --> U/euf/b/n on input line 106.
))
(/Users/odurooppong-nkrumah/Library/TinyTeX/texmf-dist/tex/latex/amsmath/amsmat
h.sty
Package: amsmath 2020/01/20 v2.17e AMS math features
\@mathmargin=\skip49
For additional information on amsmath, use the `?' option.

(/Users/odurooppong-nkrumah/Library/TinyTeX/texmf-dist/tex/latex/amsmath/amstex
t.sty
Package: amstext 2000/06/29 v2.01 AMS text

(/Users/odurooppong-nkrumah/Library/TinyTeX/texmf-dist/tex/latex/amsmath/amsgen
.sty
File: amsgen.sty 1999/11/30 v2.0 generic functions
\@emptytoks=\toks16
\ex@=\dimen135
))
(/Users/odurooppong-nkrumah/Library/TinyTeX/texmf-dist/tex/latex/amsmath/amsbsy
.sty
Package: amsbsy 1999/11/29 v1.2d Bold Symbols
\pmbraise@=\dimen136
)
(/Users/odurooppong-nkrumah/Library/TinyTeX/texmf-dist/tex/latex/amsmath/amsopn
.sty
Package: amsopn 2016/03/08 v2.02 operator names
)
\inf@bad=\count177
LaTeX Info: Redefining \frac on input line 227.
\uproot@=\count178
\leftroot@=\count179
LaTeX Info: Redefining \overline on input line 389.
\classnum@=\count180
\DOTSCASE@=\count181
LaTeX Info: Redefining \ldots on input line 486.
LaTeX Info: Redefining \dots on input line 489.
LaTeX Info: Redefining \cdots on input line 610.
\Mathstrutbox@=\box45
\strutbox@=\box46
\big@size=\dimen137
LaTeX Font Info:    Redeclaring font encoding OML on input line 733.
LaTeX Font Info:    Redeclaring font encoding OMS on input line 734.
\macc@depth=\count182
\c@MaxMatrixCols=\count183
\dotsspace@=\muskip16
\c@parentequation=\count184
\dspbrk@lvl=\count185
\tag@help=\toks17
\row@=\count186
\column@=\count187
\maxfields@=\count188
\andhelp@=\toks18
\eqnshift@=\dimen138
\alignsep@=\dimen139
\tagshift@=\dimen140
\tagwidth@=\dimen141
\totwidth@=\dimen142
\lineht@=\dimen143
\@envbody=\toks19
\multlinegap=\skip50
\multlinetaggap=\skip51
\mathdisplay@stack=\toks20
LaTeX Info: Redefining \[ on input line 2859.
LaTeX Info: Redefining \] on input line 2860.
)
(/Users/odurooppong-nkrumah/Library/TinyTeX/texmf-dist/tex/generic/iftex/ifxete
x.sty
Package: ifxetex 2019/10/25 v0.7 ifxetex legacy package. Use iftex instead.

(/Users/odurooppong-nkrumah/Library/TinyTeX/texmf-dist/tex/generic/iftex/iftex.
sty
Package: iftex 2020/03/06 v1.0d TeX engine tests
))
(/Users/odurooppong-nkrumah/Library/TinyTeX/texmf-dist/tex/generic/iftex/ifluat
ex.sty
Package: ifluatex 2019/10/25 v1.5 ifluatex legacy package. Use iftex instead.
)
(/Users/odurooppong-nkrumah/Library/TinyTeX/texmf-dist/tex/latex/base/fontenc.s
ty
Package: fontenc 2020/02/11 v2.0o Standard LaTeX package
LaTeX Font Info:    Trying to load font information for T1+lmr on input line 11
2.
(/Users/odurooppong-nkrumah/Library/TinyTeX/texmf-dist/tex/latex/lm/t1lmr.fd
File: t1lmr.fd 2009/10/30 v1.6 Font defs for Latin Modern
))
(/Users/odurooppong-nkrumah/Library/TinyTeX/texmf-dist/tex/latex/base/inputenc.
sty
Package: inputenc 2018/08/11 v1.3c Input encoding file
\inpenc@prehook=\toks21
\inpenc@posthook=\toks22
)
(/Users/odurooppong-nkrumah/Library/TinyTeX/texmf-dist/tex/latex/base/textcomp.
sty
Package: textcomp 2020/02/02 v2.0n Standard LaTeX package
)
(/Users/odurooppong-nkrumah/Library/TinyTeX/texmf-dist/tex/latex/xcolor/xcolor.
sty
Package: xcolor 2016/05/11 v2.12 LaTeX color extensions (UK)

(/Users/odurooppong-nkrumah/Library/TinyTeX/texmf-dist/tex/latex/graphics-cfg/c
olor.cfg
File: color.cfg 2016/01/02 v1.6 sample color configuration
)
Package xcolor Info: Driver file: pdftex.def on input line 225.

(/Users/odurooppong-nkrumah/Library/TinyTeX/texmf-dist/tex/latex/graphics-def/p
dftex.def
File: pdftex.def 2020/08/26 v1.2 Graphics/color driver for pdftex
)
Package xcolor Info: Model `cmy' substituted by `cmy0' on input line 1348.
Package xcolor Info: Model `hsb' substituted by `rgb' on input line 1352.
Package xcolor Info: Model `RGB' extended on input line 1364.
Package xcolor Info: Model `HTML' substituted by `rgb' on input line 1366.
Package xcolor Info: Model `Hsb' substituted by `hsb' on input line 1367.
Package xcolor Info: Model `tHsb' substituted by `hsb' on input line 1368.
Package xcolor Info: Model `HSB' substituted by `hsb' on input line 1369.
Package xcolor Info: Model `Gray' substituted by `gray' on input line 1370.
Package xcolor Info: Model `wave' substituted by `hsb' on input line 1371.
)
(/Users/odurooppong-nkrumah/Library/TinyTeX/texmf-dist/tex/latex/hyperref/hyper
ref.sty
Package: hyperref 2020-05-15 v7.00e Hypertext links for LaTeX

(/Users/odurooppong-nkrumah/Library/TinyTeX/texmf-dist/tex/generic/ltxcmds/ltxc
mds.sty
Package: ltxcmds 2019/12/15 v1.24 LaTeX kernel commands for general use (HO)
)
(/Users/odurooppong-nkrumah/Library/TinyTeX/texmf-dist/tex/generic/pdftexcmds/p
dftexcmds.sty
Package: pdftexcmds 2020-06-27 v0.33 Utility functions of pdfTeX for LuaTeX (HO
)

(/Users/odurooppong-nkrumah/Library/TinyTeX/texmf-dist/tex/generic/infwarerr/in
fwarerr.sty
Package: infwarerr 2019/12/03 v1.5 Providing info/warning/error messages (HO)
)
Package pdftexcmds Info: \pdf@primitive is available.
Package pdftexcmds Info: \pdf@ifprimitive is available.
Package pdftexcmds Info: \pdfdraftmode found.
)
(/Users/odurooppong-nkrumah/Library/TinyTeX/texmf-dist/tex/latex/graphics/keyva
l.sty
Package: keyval 2014/10/28 v1.15 key=value parser (DPC)
\KV@toks@=\toks23
)
(/Users/odurooppong-nkrumah/Library/TinyTeX/texmf-dist/tex/generic/kvsetkeys/kv
setkeys.sty
Package: kvsetkeys 2019/12/15 v1.18 Key value parser (HO)
)
(/Users/odurooppong-nkrumah/Library/TinyTeX/texmf-dist/tex/generic/kvdefinekeys
/kvdefinekeys.sty
Package: kvdefinekeys 2019-12-19 v1.6 Define keys (HO)
)
(/Users/odurooppong-nkrumah/Library/TinyTeX/texmf-dist/tex/generic/pdfescape/pd
fescape.sty
Package: pdfescape 2019/12/09 v1.15 Implements pdfTeX's escape features (HO)
)
(/Users/odurooppong-nkrumah/Library/TinyTeX/texmf-dist/tex/latex/hycolor/hycolo
r.sty
Package: hycolor 2020-01-27 v1.10 Color options for hyperref/bookmark (HO)
)
(/Users/odurooppong-nkrumah/Library/TinyTeX/texmf-dist/tex/latex/letltxmacro/le
tltxmacro.sty
Package: letltxmacro 2019/12/03 v1.6 Let assignment for LaTeX macros (HO)
)
(/Users/odurooppong-nkrumah/Library/TinyTeX/texmf-dist/tex/latex/auxhook/auxhoo
k.sty
Package: auxhook 2019-12-17 v1.6 Hooks for auxiliary files (HO)
)
(/Users/odurooppong-nkrumah/Library/TinyTeX/texmf-dist/tex/latex/kvoptions/kvop
tions.sty
Package: kvoptions 2019/11/29 v3.13 Key value format for package options (HO)
)
\@linkdim=\dimen144
\Hy@linkcounter=\count189
\Hy@pagecounter=\count190

(/Users/odurooppong-nkrumah/Library/TinyTeX/texmf-dist/tex/latex/hyperref/pd1en
c.def
File: pd1enc.def 2020-05-15 v7.00e Hyperref: PDFDocEncoding definition (HO)
Now handling font encoding PD1 ...
... no UTF-8 mapping file for font encoding PD1
)
(/Users/odurooppong-nkrumah/Library/TinyTeX/texmf-dist/tex/generic/intcalc/intc
alc.sty
Package: intcalc 2019/12/15 v1.3 Expandable calculations with integers (HO)
)
(/Users/odurooppong-nkrumah/Library/TinyTeX/texmf-dist/tex/generic/etexcmds/ete
xcmds.sty
Package: etexcmds 2019/12/15 v1.7 Avoid name clashes with e-TeX commands (HO)
)
\Hy@SavedSpaceFactor=\count191
Package hyperref Info: Option `unicode' set `true' on input line 4338.

(/Users/odurooppong-nkrumah/Library/TinyTeX/texmf-dist/tex/latex/hyperref/puenc
.def
File: puenc.def 2020-05-15 v7.00e Hyperref: PDF Unicode definition (HO)
Now handling font encoding PU ...
... no UTF-8 mapping file for font encoding PU
)
Package hyperref Info: Hyper figures OFF on input line 4464.
Package hyperref Info: Link nesting OFF on input line 4469.
Package hyperref Info: Hyper index ON on input line 4472.
Package hyperref Info: Plain pages OFF on input line 4479.
Package hyperref Info: Backreferencing OFF on input line 4484.
Package hyperref Info: Implicit mode ON; LaTeX internals redefined.
Package hyperref Info: Bookmarks ON on input line 4717.
\c@Hy@tempcnt=\count192
(/Users/odurooppong-nkrumah/Library/TinyTeX/texmf-dist/tex/latex/url/url.sty
\Urlmuskip=\muskip17
Package: url 2013/09/16  ver 3.4  Verb mode for urls, etc.
)
LaTeX Info: Redefining \url on input line 5076.
\XeTeXLinkMargin=\dimen145

(/Users/odurooppong-nkrumah/Library/TinyTeX/texmf-dist/tex/generic/bitset/bitse
t.sty
Package: bitset 2019/12/09 v1.3 Handle bit-vector datatype (HO)

(/Users/odurooppong-nkrumah/Library/TinyTeX/texmf-dist/tex/generic/bigintcalc/b
igintcalc.sty
Package: bigintcalc 2019/12/15 v1.5 Expandable calculations on big integers (HO
)
))
\Fld@menulength=\count193
\Field@Width=\dimen146
\Fld@charsize=\dimen147
Package hyperref Info: Hyper figures OFF on input line 6347.
Package hyperref Info: Link nesting OFF on input line 6352.
Package hyperref Info: Hyper index ON on input line 6355.
Package hyperref Info: backreferencing OFF on input line 6362.
Package hyperref Info: Link coloring OFF on input line 6367.
Package hyperref Info: Link coloring with OCG OFF on input line 6372.
Package hyperref Info: PDF/A mode OFF on input line 6377.
LaTeX Info: Redefining \ref on input line 6417.
LaTeX Info: Redefining \pageref on input line 6421.

(/Users/odurooppong-nkrumah/Library/TinyTeX/texmf-dist/tex/generic/atbegshi/atb
egshi.sty
Package: atbegshi 2019/12/05 v1.19 At begin shipout hook (HO)
)
\Hy@abspage=\count194
\c@Item=\count195
\c@Hfootnote=\count196
)
Package hyperref Info: Driver (autodetected): hpdftex.

(/Users/odurooppong-nkrumah/Library/TinyTeX/texmf-dist/tex/latex/hyperref/hpdft
ex.def
File: hpdftex.def 2020-05-15 v7.00e Hyperref driver for pdfTeX

(/Users/odurooppong-nkrumah/Library/TinyTeX/texmf-dist/tex/latex/atveryend/atve
ryend.sty
Package: atveryend 2019-12-11 v1.11 Hooks at the very end of document (HO)
Package atveryend Info: \enddocument detected (standard20110627).
)
\Fld@listcount=\count197
\c@bookmark@seq@number=\count198

(/Users/odurooppong-nkrumah/Library/TinyTeX/texmf-dist/tex/latex/rerunfilecheck
/rerunfilecheck.sty
Package: rerunfilecheck 2019/12/05 v1.9 Rerun checks for auxiliary files (HO)

(/Users/odurooppong-nkrumah/Library/TinyTeX/texmf-dist/tex/generic/uniquecounte
r/uniquecounter.sty
Package: uniquecounter 2019/12/15 v1.4 Provide unlimited unique counter (HO)
)
Package uniquecounter Info: New unique counter `rerunfilecheck' on input line 2
86.
)
\Hy@SectionHShift=\skip52
)
(/Users/odurooppong-nkrumah/Library/TinyTeX/texmf-dist/tex/latex/tools/longtabl
e.sty
Package: longtable 2020/01/07 v4.13 Multi-page Table package (DPC)
\LTleft=\skip53
\LTright=\skip54
\LTpre=\skip55
\LTpost=\skip56
\LTchunksize=\count199
\LTcapwidth=\dimen148
\LT@head=\box47
\LT@firsthead=\box48
\LT@foot=\box49
\LT@lastfoot=\box50
\LT@cols=\count266
\LT@rows=\count267
\c@LT@tables=\count268
\c@LT@chunks=\count269
\LT@p@ftn=\toks24
)
(/Users/odurooppong-nkrumah/Library/TinyTeX/texmf-dist/tex/latex/booktabs/bookt
abs.sty
Package: booktabs 2020/01/12 v1.61803398 Publication quality tables
\heavyrulewidth=\dimen149
\lightrulewidth=\dimen150
\cmidrulewidth=\dimen151
\belowrulesep=\dimen152
\belowbottomsep=\dimen153
\aboverulesep=\dimen154
\abovetopsep=\dimen155
\cmidrulesep=\dimen156
\cmidrulekern=\dimen157
\defaultaddspace=\dimen158
\@cmidla=\count270
\@cmidlb=\count271
\@aboverulesep=\dimen159
\@belowrulesep=\dimen160
\@thisruleclass=\count272
\@lastruleclass=\count273
\@thisrulewidth=\dimen161
)
(/Users/odurooppong-nkrumah/Library/TinyTeX/texmf-dist/tex/latex/etoolbox/etool
box.sty
Package: etoolbox 2020/08/24 v2.5j e-TeX tools for LaTeX (JAW)
\etb@tempcnta=\count274
)
(/Users/odurooppong-nkrumah/Library/TinyTeX/texmf-dist/tex/latex/mdwtools/footn
ote.sty
Package: footnote 1997/01/28 1.13 Save footnotes around boxes
\fn@notes=\box51
\fn@width=\dimen162
) (./tex/params.tex)
(/Users/odurooppong-nkrumah/Library/TinyTeX/texmf-dist/tex/latex/base/alltt.sty
Package: alltt 1997/06/16 v2.0g defines alltt environment
)
(/Users/odurooppong-nkrumah/Library/TinyTeX/texmf-dist/tex/latex/geometry/geome
try.sty
Package: geometry 2020/01/02 v5.9 Page Geometry

(/Users/odurooppong-nkrumah/Library/TinyTeX/texmf-dist/tex/generic/iftex/ifvtex
.sty
Package: ifvtex 2019/10/25 v1.7 ifvtex legacy package. Use iftex instead.
)
\Gm@cnth=\count275
\Gm@cntv=\count276
\c@Gm@tempcnt=\count277
\Gm@bindingoffset=\dimen163
\Gm@wd@mp=\dimen164
\Gm@odd@mp=\dimen165
\Gm@even@mp=\dimen166
\Gm@layoutwidth=\dimen167
\Gm@layoutheight=\dimen168
\Gm@layouthoffset=\dimen169
\Gm@layoutvoffset=\dimen170
\Gm@dimlist=\toks25
)
(/Users/odurooppong-nkrumah/Library/TinyTeX/texmf-dist/tex/latex/nomencl/nomenc
l.sty
Package: nomencl 2020/03/01 v5.4 Nomenclature package

(/Users/odurooppong-nkrumah/Library/TinyTeX/texmf-dist/tex/latex/xkeyval/xkeyva
l.sty
Package: xkeyval 2014/12/03 v2.7a package option processing (HA)

(/Users/odurooppong-nkrumah/Library/TinyTeX/texmf-dist/tex/generic/xkeyval/xkey
val.tex
(/Users/odurooppong-nkrumah/Library/TinyTeX/texmf-dist/tex/generic/xkeyval/xkvu
tils.tex
\XKV@toks=\toks26
\XKV@tempa@toks=\toks27
)
\XKV@depth=\count278
File: xkeyval.tex 2014/12/03 v2.7a key=value parser (HA)
))
(/Users/odurooppong-nkrumah/Library/TinyTeX/texmf-dist/tex/latex/base/ifthen.st
y
Package: ifthen 2014/09/29 v1.1c Standard LaTeX ifthen package (DPC)
)
(/Users/odurooppong-nkrumah/Library/TinyTeX/texmf-dist/tex/latex/koma-script/to
cbasic.sty
Package: tocbasic 2020/07/22 v3.31 KOMA-Script package (handling toc-files)

(/Users/odurooppong-nkrumah/Library/TinyTeX/texmf-dist/tex/latex/koma-script/sc
rbase.sty
Package: scrbase 2020/07/22 v3.31 KOMA-Script package (KOMA-Script-independent 
basics and keyval usage)

(/Users/odurooppong-nkrumah/Library/TinyTeX/texmf-dist/tex/latex/koma-script/sc
rlfile.sty
Package: scrlfile 2020/07/22 v3.31 KOMA-Script package (loading files)
))
\scr@dte@tocline@numberwidth=\skip57
\scr@dte@tocline@numbox=\box52
)
Package tocbasic Info: babel extension for `nlo' omitted
(tocbasic)             because of missing \bbl@set@language on input line 179.
Package tocbasic Info: babel extension for `nls' omitted
(tocbasic)             because of missing \bbl@set@language on input line 180.
\nomlabelwidth=\dimen171
\nom@tempdim=\dimen172
\nomitemsep=\skip58
)
(/Users/odurooppong-nkrumah/Library/TinyTeX/texmf-dist/tex/latex/amscls/amsthm.
sty
Package: amsthm 2020/05/29 v2.20.6
\thm@style=\toks28
\thm@bodyfont=\toks29
\thm@headfont=\toks30
\thm@notefont=\toks31
\thm@headpunct=\toks32
\thm@preskip=\skip59
\thm@postskip=\skip60
\thm@headsep=\skip61
\dth@everypar=\toks33
) (/Users/odurooppong-nkrumah/Library/TinyTeX/texmf-dist/tex/latex/tools/bm.sty
Package: bm 2019/07/24 v1.2d Bold Symbol Support (DPC/FMi)
\symboldoperators=\mathgroup6
\symboldletters=\mathgroup7
\symboldsymbols=\mathgroup8
LaTeX Font Info:    Redeclaring math alphabet \mathbf on input line 141.
LaTeX Info: Redefining \bm on input line 209.
)
(/Users/odurooppong-nkrumah/Library/TinyTeX/texmf-dist/tex/latex/base/fontenc.s
ty
Package: fontenc 2020/02/11 v2.0o Standard LaTeX package
)
(/Users/odurooppong-nkrumah/Library/TinyTeX/texmf-dist/tex/latex/framed/framed.
sty
Package: framed 2011/10/22 v 0.96: framed or shaded text with page breaks
\OuterFrameSep=\skip62
\fb@frw=\dimen173
\fb@frh=\dimen174
\FrameRule=\dimen175
\FrameSep=\dimen176
)
(/Users/odurooppong-nkrumah/Library/TinyTeX/texmf-dist/tex/latex/graphics/graph
icx.sty
Package: graphicx 2019/11/30 v1.2a Enhanced LaTeX Graphics (DPC,SPQR)

(/Users/odurooppong-nkrumah/Library/TinyTeX/texmf-dist/tex/latex/graphics/graph
ics.sty
Package: graphics 2019/11/30 v1.4a Standard LaTeX Graphics (DPC,SPQR)

(/Users/odurooppong-nkrumah/Library/TinyTeX/texmf-dist/tex/latex/graphics/trig.
sty
Package: trig 2016/01/03 v1.10 sin cos tan (DPC)
)
(/Users/odurooppong-nkrumah/Library/TinyTeX/texmf-dist/tex/latex/graphics-cfg/g
raphics.cfg
File: graphics.cfg 2016/06/04 v1.11 sample graphics configuration
)
Package graphics Info: Driver file: pdftex.def on input line 105.
)
\Gin@req@height=\dimen177
\Gin@req@width=\dimen178
)
(/Users/odurooppong-nkrumah/Library/TinyTeX/texmf-dist/tex/latex/multirow/multi
row.sty
Package: multirow 2019/05/31 v2.5 Span multiple rows of a table
\multirow@colwidth=\skip63
\multirow@cntb=\count279
\multirow@dima=\skip64
\bigstrutjot=\dimen179
)
(/Users/odurooppong-nkrumah/Library/TinyTeX/texmf-dist/tex/latex/caption/captio
n.sty
Package: caption 2020/09/12 v3.5b Customizing captions (AR)

(/Users/odurooppong-nkrumah/Library/TinyTeX/texmf-dist/tex/latex/caption/captio
n3.sty
Package: caption3 2020/09/17 v2.1b caption3 kernel (AR)
\captionmargin=\dimen180
\captionmargin@=\dimen181
\captionwidth=\dimen182
\caption@tempdima=\dimen183
\caption@indent=\dimen184
\caption@parindent=\dimen185
\caption@hangindent=\dimen186
Package caption Info: Standard document class detected.
)
\c@caption@flags=\count280
\c@continuedfloat=\count281
Package caption Info: hyperref package is loaded.
Package caption Info: longtable package is loaded.

(/Users/odurooppong-nkrumah/Library/TinyTeX/texmf-dist/tex/latex/caption/ltcapt
ion.sty
Package: ltcaption 2020/05/30 v1.4b longtable captions (AR)
))
(/Users/odurooppong-nkrumah/Library/TinyTeX/texmf-dist/tex/latex/titlesec/title
sec.sty
Package: titlesec 2019/10/16 v2.13 Sectioning titles
\ttl@box=\box53
\beforetitleunit=\skip65
\aftertitleunit=\skip66
\ttl@plus=\dimen187
\ttl@minus=\dimen188
\ttl@toksa=\toks34
\titlewidth=\dimen189
\titlewidthlast=\dimen190
\titlewidthfirst=\dimen191
)
(/Users/odurooppong-nkrumah/Library/TinyTeX/texmf-dist/tex/latex/float/float.st
y
Package: float 2001/11/08 v1.3d Float enhancements (AL)
\c@float@type=\count282
\float@exts=\toks35
\float@box=\box54
\@float@everytoks=\toks36
\@floatcapt=\box55
)
(/Users/odurooppong-nkrumah/Library/TinyTeX/texmf-dist/tex/latex/natbib/natbib.
sty
Package: natbib 2010/09/13 8.31b (PWD, AO)
\bibhang=\skip67
\bibsep=\skip68
LaTeX Info: Redefining \cite on input line 694.
\c@NAT@ctr=\count283
)
(/Users/odurooppong-nkrumah/Library/TinyTeX/texmf-dist/tex/latex/mathtools/math
tools.sty
Package: mathtools 2020/03/24 v1.24 mathematical typesetting tools

(/Users/odurooppong-nkrumah/Library/TinyTeX/texmf-dist/tex/latex/tools/calc.sty
Package: calc 2017/05/25 v4.3 Infix arithmetic (KKT,FJ)
\calc@Acount=\count284
\calc@Bcount=\count285
\calc@Adimen=\dimen192
\calc@Bdimen=\dimen193
\calc@Askip=\skip69
\calc@Bskip=\skip70
LaTeX Info: Redefining \setlength on input line 80.
LaTeX Info: Redefining \addtolength on input line 81.
\calc@Ccount=\count286
\calc@Cskip=\skip71
)
(/Users/odurooppong-nkrumah/Library/TinyTeX/texmf-dist/tex/latex/mathtools/mhse
tup.sty
Package: mhsetup 2017/03/31 v1.3 programming setup (MH)
)
LaTeX Info: Thecontrolsequence`\('isalreadyrobust on input line 130.
LaTeX Info: Thecontrolsequence`\)'isalreadyrobust on input line 130.
LaTeX Info: Thecontrolsequence`\['isalreadyrobust on input line 130.
LaTeX Info: Thecontrolsequence`\]'isalreadyrobust on input line 130.
\g_MT_multlinerow_int=\count287
\l_MT_multwidth_dim=\dimen194
\origjot=\skip72
\l_MT_shortvdotswithinadjustabove_dim=\dimen195
\l_MT_shortvdotswithinadjustbelow_dim=\dimen196
\l_MT_above_intertext_sep=\dimen197
\l_MT_below_intertext_sep=\dimen198
\l_MT_above_shortintertext_sep=\dimen199
\l_MT_below_shortintertext_sep=\dimen256
\xmathstrut@box=\box56
\xmathstrut@dim=\dimen257
)
(/Users/odurooppong-nkrumah/Library/TinyTeX/texmf-dist/tex/latex/tools/indentfi
rst.sty
Package: indentfirst 1995/11/23 v1.03 Indent first paragraph (DPC)
)
(/Users/odurooppong-nkrumah/Library/TinyTeX/texmf-dist/tex/latex/subfig/subfig.
sty
Package: subfig 2005/06/28 ver: 1.3 subfig package
\c@KVtest=\count288
\sf@farskip=\skip73
\sf@captopadj=\dimen258
\sf@capskip=\skip74
\sf@nearskip=\skip75
\c@subfigure=\count289
\c@subfigure@save=\count290
\c@lofdepth=\count291
\c@subtable=\count292
\c@subtable@save=\count293
\c@lotdepth=\count294
\sf@top=\skip76
\sf@bottom=\skip77
)
(/Users/odurooppong-nkrumah/Library/TinyTeX/texmf-dist/tex/latex/appendix/appen
dix.sty
Package: appendix 2020/02/08 v1.2c extra appendix facilities
\c@@pps=\count295
\c@@ppsavesec=\count296
\c@@ppsaveapp=\count297
) (./tocstyle.sty
Package: tocstyle 2020/06/06 v0.2k-alpha deprecated package (versatile toc styl
es)

Package tocstyle Warning: THIS IS A DEPRECATED ALPHA VERSION!
(tocstyle)                USAGE OF THIS VERSION IS ON YOUR OWN RISK!
(tocstyle)                EVERYTHING MAY HAPPEN!
(tocstyle)                THE PACKAGE IS FROZEN WITH ALL IT'S BUGS!
(tocstyle)                THERE IS NO SUPPORT, IF YOU USE THIS PACKAGE!
(tocstyle)                Maybe it would be better, not to load this package.

\tocstyle@indentstyle=\count298
Package tocstyle Info: no tocstyle.cfg found on input line 949.
)
(/Users/odurooppong-nkrumah/Library/TinyTeX/texmf-dist/tex/latex/tools/array.st
y
Package: array 2019/08/31 v2.4l Tabular extension package (FMi)
\col@sep=\dimen259
\ar@mcellbox=\box57
\extrarowheight=\dimen260
\NC@list=\toks37
\extratabsurround=\skip78
\backup@length=\skip79
\ar@cellbox=\box58
)
(/Users/odurooppong-nkrumah/Library/TinyTeX/texmf-dist/tex/latex/listings/listi
ngs.sty
\lst@mode=\count299
\lst@gtempboxa=\box59
\lst@token=\toks38
\lst@length=\count300
\lst@currlwidth=\dimen261
\lst@column=\count301
\lst@pos=\count302
\lst@lostspace=\dimen262
\lst@width=\dimen263
\lst@newlines=\count303
\lst@lineno=\count304
\lst@maxwidth=\dimen264

(/Users/odurooppong-nkrumah/Library/TinyTeX/texmf-dist/tex/latex/listings/lstmi
sc.sty
File: lstmisc.sty 2020/03/24 1.8d (Carsten Heinz)
\c@lstnumber=\count305
\lst@skipnumbers=\count306
\lst@framebox=\box60
)
(/Users/odurooppong-nkrumah/Library/TinyTeX/texmf-dist/tex/latex/listings/listi
ngs.cfg
File: listings.cfg 2020/03/24 1.8d listings configuration
))
Package: listings 2020/03/24 1.8d (Carsten Heinz)

(/Users/odurooppong-nkrumah/Library/TinyTeX/texmf-dist/tex/latex/base/makeidx.s
ty
Package: makeidx 2014/09/29 v1.0m Standard LaTeX package
)
(/Users/odurooppong-nkrumah/Library/TinyTeX/texmf-dist/tex/latex/tocloft/toclof
t.sty
Package: tocloft 2017/08/31 v2.3i parameterised ToC, etc., typesetting
Package tocloft Info: The document has chapter divisions on input line 51.
\cftparskip=\skip80
\cftbeforetoctitleskip=\skip81
\cftaftertoctitleskip=\skip82
\cftbeforepartskip=\skip83
\cftpartnumwidth=\skip84
\cftpartindent=\skip85
\cftbeforechapskip=\skip86
\cftchapindent=\skip87
\cftchapnumwidth=\skip88
\cftbeforesecskip=\skip89
\cftsecindent=\skip90
\cftsecnumwidth=\skip91
\cftbeforesubsecskip=\skip92
\cftsubsecindent=\skip93
\cftsubsecnumwidth=\skip94
\cftbeforesubsubsecskip=\skip95
\cftsubsubsecindent=\skip96
\cftsubsubsecnumwidth=\skip97
\cftbeforeparaskip=\skip98
\cftparaindent=\skip99
\cftparanumwidth=\skip100
\cftbeforesubparaskip=\skip101
\cftsubparaindent=\skip102
\cftsubparanumwidth=\skip103
\cftbeforeloftitleskip=\skip104
\cftafterloftitleskip=\skip105
\cftbeforefigskip=\skip106
\cftfigindent=\skip107
\cftfignumwidth=\skip108
\cftbeforelottitleskip=\skip109
\cftafterlottitleskip=\skip110
\cftbeforetabskip=\skip111
\cfttabindent=\skip112
\cfttabnumwidth=\skip113
\cftbeforesubfigskip=\skip114
\cftsubfigindent=\skip115
\cftsubfignumwidth=\skip116
\cftbeforesubtabskip=\skip117
\cftsubtabindent=\skip118
\cftsubtabnumwidth=\skip119

Package tocloft Warning: \@starttoc has already been redefined; tocloft bailing
 out. on input line 1156.

)
(/Users/odurooppong-nkrumah/Library/TinyTeX/texmf-dist/tex/latex/tocbibind/tocb
ibind.sty
Package: tocbibind 2010/10/13 v1.5k extra ToC listings
Package tocbibind Info: The document has chapter divisions on input line 50.

Package tocbibind Note: Using chapter style headings, unless overridden.

)
(/Users/odurooppong-nkrumah/Library/TinyTeX/texmf-dist/tex/latex/pdflscape/pdfl
scape.sty
Package: pdflscape 2019/12/05 v0.12 Display of landscape pages in PDF (HO)

(/Users/odurooppong-nkrumah/Library/TinyTeX/texmf-dist/tex/latex/graphics/lscap
e.sty
Package: lscape 2000/10/22 v3.01 Landscape Pages (DPC)
)
Package pdflscape Info: Auto-detected driver: pdftex on input line 81.
)
(/Users/odurooppong-nkrumah/Library/TinyTeX/texmf-dist/tex/latex/placeins/place
ins.sty
Package: placeins 2005/04/18  v 2.2
)
Package hyperref Info: Option `bookmarksnumbered' set `false' on input line 102
.
Package hyperref Info: Option `bookmarksopen' set `false' on input line 102.
Package hyperref Info: Option `colorlinks' set `true' on input line 102.

(/Users/odurooppong-nkrumah/Library/TinyTeX/texmf-dist/tex/latex/fancyhdr/fancy
hdr.sty
Package: fancyhdr 2019/01/31 v3.10 Extensive control of page headers and footer
s
\f@nch@headwidth=\skip120
\f@nch@O@elh=\skip121
\f@nch@O@erh=\skip122
\f@nch@O@olh=\skip123
\f@nch@O@orh=\skip124
\f@nch@O@elf=\skip125
\f@nch@O@erf=\skip126
\f@nch@O@olf=\skip127
\f@nch@O@orf=\skip128
)
\@nomenclaturefile=\write3
\openout3 = `CSP-CFP-relationship-in-Africa.nlo'.

Package nomencl Info: Writing nomenclature file CSP-CFP-relationship-in-Africa.
nlo on input line 148.
\li=\skip129
\di=\skip130
\@bls=\dimen265
\@float@every@Box=\toks39
\c@Box=\count307
\cslhangindent=\skip131

(/Users/odurooppong-nkrumah/Library/TinyTeX/texmf-dist/tex/latex/l3backend/l3ba
ckend-pdftex.def
File: l3backend-pdftex.def 2020-09-11 L3 backend support: PDF output (pdfTeX)
\l__kernel_color_stack_int=\count308
\l__pdf_internal_box=\box61
) (./CSP-CFP-relationship-in-Africa.aux

LaTeX Warning: Label `introduction' multiply defined.


LaTeX Warning: Label `introduction' multiply defined.

)
\openout1 = `CSP-CFP-relationship-in-Africa.aux'.

LaTeX Font Info:    Checking defaults for OML/cmm/m/it on input line 304.
LaTeX Font Info:    ... okay on input line 304.
LaTeX Font Info:    Checking defaults for OMS/cmsy/m/n on input line 304.
LaTeX Font Info:    ... okay on input line 304.
LaTeX Font Info:    Checking defaults for OT1/cmr/m/n on input line 304.
LaTeX Font Info:    ... okay on input line 304.
LaTeX Font Info:    Checking defaults for T1/cmr/m/n on input line 304.
LaTeX Font Info:    ... okay on input line 304.
LaTeX Font Info:    Checking defaults for TS1/cmr/m/n on input line 304.
LaTeX Font Info:    ... okay on input line 304.
LaTeX Font Info:    Checking defaults for OMX/cmex/m/n on input line 304.
LaTeX Font Info:    ... okay on input line 304.
LaTeX Font Info:    Checking defaults for U/cmr/m/n on input line 304.
LaTeX Font Info:    ... okay on input line 304.
LaTeX Font Info:    Checking defaults for PD1/pdf/m/n on input line 304.
LaTeX Font Info:    ... okay on input line 304.
LaTeX Font Info:    Checking defaults for PU/pdf/m/n on input line 304.
LaTeX Font Info:    ... okay on input line 304.

(/Users/odurooppong-nkrumah/Library/TinyTeX/texmf-dist/tex/latex/epstopdf-pkg/e
pstopdf-base.sty
Package: epstopdf-base 2020-01-24 v2.11 Base part for package epstopdf
Package epstopdf-base Info: Redefining graphics rule for `.eps' on input line 4
85.

(/Users/odurooppong-nkrumah/Library/TinyTeX/texmf-dist/tex/latex/latexconfig/ep
stopdf-sys.cfg
File: epstopdf-sys.cfg 2010/07/13 v1.3 Configuration of (r)epstopdf for TeX Liv
e
))
\AtBeginShipoutBox=\box62
Package hyperref Info: Link coloring ON on input line 304.

(/Users/odurooppong-nkrumah/Library/TinyTeX/texmf-dist/tex/latex/hyperref/namer
ef.sty
Package: nameref 2019/09/16 v2.46 Cross-referencing by name of section

(/Users/odurooppong-nkrumah/Library/TinyTeX/texmf-dist/tex/latex/refcount/refco
unt.sty
Package: refcount 2019/12/15 v3.6 Data extraction from label references (HO)
)
(/Users/odurooppong-nkrumah/Library/TinyTeX/texmf-dist/tex/generic/gettitlestri
ng/gettitlestring.sty
Package: gettitlestring 2019/12/15 v1.6 Cleanup title references (HO)
)
\c@section@level=\count309
)
LaTeX Info: Redefining \ref on input line 304.
LaTeX Info: Redefining \pageref on input line 304.
LaTeX Info: Redefining \nameref on input line 304.
(./CSP-CFP-relationship-in-Africa.out) (./CSP-CFP-relationship-in-Africa.out)
\@outlinefile=\write4
\openout4 = `CSP-CFP-relationship-in-Africa.out'.

*geometry* driver: auto-detecting
*geometry* detected driver: pdftex
*geometry* verbose mode - [ preamble ] result:
* driver: pdftex
* paper: <default>
* layout: <same size as paper>
* layoutoffset:(h,v)=(0.0pt,0.0pt)
* modes: 
* h-part:(L,W,R)=(113.81102pt, 429.3521pt, 71.13188pt)
* v-part:(T,H,B)=(71.13188pt, 652.70622pt, 71.13188pt)
* \paperwidth=614.295pt
* \paperheight=794.96999pt
* \textwidth=433.62pt
* \textheight=650.43pt
* \oddsidemargin=36.135pt
* \evensidemargin=41.54103pt
* \topmargin=-36.135pt
* \headheight=12.0pt
* \headsep=19.8738pt
* \topskip=12.0pt
* \footskip=30.0pt
* \marginparwidth=47.0pt
* \marginparsep=7.0pt
* \columnsep=10.0pt
* \skip\footins=10.8pt plus 4.0pt minus 2.0pt
* \hoffset=0.0pt
* \voffset=0.0pt
* \mag=1000
* \@twocolumnfalse
* \@twosidefalse
* \@mparswitchfalse
* \@reversemarginfalse
* (1in=72.27pt=25.4mm, 1cm=28.453pt)

Package tocbasic Info: usage of `tocbibind' detected on input line 304.
Package caption Info: Begin \AtBeginDocument code.
Package caption Info: subfig package v1.3 is loaded.
Package caption Info: float package is loaded.
Package caption Info: listings package is loaded.
Package caption Info: End \AtBeginDocument code.

Package tocstyle Warning: Usage of `tocstyle' with new `tocbasic' detected.
(tocstyle)                This is not an error! You can do this.
(tocstyle)                Nevertheless, you should note, combining `tocstyle'
(tocstyle)                with this version of `tocbasic' will break several
(tocstyle)                features of `tocbasic'. You should use `tocstyle'
(tocstyle)                features instead of `tocbasic' attributes for all
(tocstyle)                entry changes you want.
(tocstyle)                You may also get additional warnings because of
(tocstyle)                redefined `\numberline'. Ignore them.

Package tocstyle Info: prepare \l@part for redefinition on input line 304.
LaTeX Font Info:    Trying to load font information for OT1+lmr on input line 3
04.
(/Users/odurooppong-nkrumah/Library/TinyTeX/texmf-dist/tex/latex/lm/ot1lmr.fd
File: ot1lmr.fd 2009/10/30 v1.6 Font defs for Latin Modern
)
LaTeX Font Info:    Trying to load font information for OML+lmm on input line 3
04.
(/Users/odurooppong-nkrumah/Library/TinyTeX/texmf-dist/tex/latex/lm/omllmm.fd
File: omllmm.fd 2009/10/30 v1.6 Font defs for Latin Modern
)
LaTeX Font Info:    Trying to load font information for OMS+lmsy on input line 
304.
(/Users/odurooppong-nkrumah/Library/TinyTeX/texmf-dist/tex/latex/lm/omslmsy.fd
File: omslmsy.fd 2009/10/30 v1.6 Font defs for Latin Modern
)
LaTeX Font Info:    Trying to load font information for OMX+lmex on input line 
304.
(/Users/odurooppong-nkrumah/Library/TinyTeX/texmf-dist/tex/latex/lm/omxlmex.fd
File: omxlmex.fd 2009/10/30 v1.6 Font defs for Latin Modern
)
LaTeX Font Info:    External font `lmex10' loaded for size
(Font)              <14.4> on input line 304.
LaTeX Font Info:    External font `lmex10' loaded for size
(Font)              <10> on input line 304.
LaTeX Font Info:    External font `lmex10' loaded for size
(Font)              <7> on input line 304.
LaTeX Font Info:    Trying to load font information for U+msa on input line 304
.

(/Users/odurooppong-nkrumah/Library/TinyTeX/texmf-dist/tex/latex/amsfonts/umsa.
fd
File: umsa.fd 2013/01/14 v3.01 AMS symbols A
)
LaTeX Font Info:    Trying to load font information for U+msb on input line 304
.

(/Users/odurooppong-nkrumah/Library/TinyTeX/texmf-dist/tex/latex/amsfonts/umsb.
fd
File: umsb.fd 2013/01/14 v3.01 AMS symbols B
)
Package tocstyle Info: prepare \l@chapter for redefinition on input line 304.
LaTeX Font Info:    External font `lmex10' loaded for size
(Font)              <12> on input line 304.
LaTeX Font Info:    External font `lmex10' loaded for size
(Font)              <8> on input line 304.
LaTeX Font Info:    External font `lmex10' loaded for size
(Font)              <6> on input line 304.
Package tocstyle Info: prepare \l@section for redefinition on input line 304.
Package tocstyle Info: prepare \l@subsection for redefinition on input line 304
.
Package tocstyle Info: prepare \l@subsubsection for redefinition on input line 
304.
Package tocstyle Info: prepare \l@paragraph for redefinition on input line 304.

Package tocstyle Info: prepare \l@subparagraph for redefinition on input line 3
04.
Package tocstyle Info: prepare \l@table for redefinition on input line 304.
Package tocstyle Info: prepare \l@figure for redefinition on input line 304.
\c@lstlisting=\count310
[1


{/Users/odurooppong-nkrumah/Library/TinyTeX/texmf-var/fonts/map/pdftex/updmap/p
dftex.map}]
LaTeX Font Info:    Trying to load font information for TS1+lmr on input line 3
70.
(/Users/odurooppong-nkrumah/Library/TinyTeX/texmf-dist/tex/latex/lm/ts1lmr.fd
File: ts1lmr.fd 2009/10/30 v1.6 Font defs for Latin Modern
)pdfTeX warning (ext4): destination with the same identifier (name{page.a}) has
 been already used, duplicate ignored
<to be read again> 
                   \relax 
l.374 \clearpage
                 [1] (./tex/dedication.tex) [3


] (./tex/acknowledgements.tex) [4

] (./CSP-CFP-relationship-in-Africa.toc
number indent by \l@... (toc, 0):  0.0pt
text indent by \l@... (toc, 0):  17.62474pt
number indent by parent (toc, 0):  0.0pt
text indent calculated (toc, 0): 17.62474pt
number indent calculated (toc, 0): 0.0pt
number indent by \l@... (toc, 0):  0.0pt
text indent by \l@... (toc, 0):  17.62474pt
number indent by parent (toc, 0):  0.0pt
text indent calculated (toc, 0): 17.62474pt
number indent calculated (toc, 0): 0.0pt
number indent by \l@... (toc, 0):  0.0pt
text indent by \l@... (toc, 0):  17.62474pt
number indent by parent (toc, 0):  0.0pt
text indent calculated (toc, 0): 17.62474pt
number indent calculated (toc, 0): 0.0pt
number indent by \l@... (toc, 0):  0.0pt
text indent by \l@... (toc, 0):  17.62474pt
number indent by parent (toc, 0):  0.0pt
text indent calculated (toc, 0): 17.62474pt
number indent calculated (toc, 0): 0.0pt
number indent by \l@... (toc, 0):  0.0pt
text indent by \l@... (toc, 0):  17.62474pt
number indent by parent (toc, 0):  0.0pt
text indent calculated (toc, 0): 17.62474pt
number indent calculated (toc, 0): 0.0pt
number indent by \l@... (toc, 0):  0.0pt
text indent by \l@... (toc, 0):  17.62474pt
number indent by parent (toc, 0):  0.0pt
text indent calculated (toc, 0): 17.62474pt
number indent calculated (toc, 0): 0.0pt

Overfull \hbox (58.1576pt too wide) in paragraph at lines 13--13
 [][] [][]\T1/lmr/m/n/12 Chap-ter[][] []
 []

number indent by \l@... (toc, 0):  0.0pt
text indent by \l@... (toc, 0):  17.62474pt
number indent by parent (toc, 0):  0.0pt
text indent calculated (toc, 0): 17.62474pt
number indent calculated (toc, 0): 0.0pt
number indent by \l@... (toc, 0):  0.0pt
text indent by \l@... (toc, 0):  17.62474pt
number indent by parent (toc, 0):  0.0pt
text indent calculated (toc, 0): 17.62474pt
number indent calculated (toc, 0): 0.0pt
number indent by \l@... (toc, 1):  17.62474pt
text indent by \l@... (toc, 1):  27.02464pt
number indent by parent (toc, 1):  17.62474pt
text indent calculated (toc, 1): 27.02464pt
number indent calculated (toc, 1): 17.62474pt
number indent by \l@... (toc, 1):  17.62474pt
text indent by \l@... (toc, 1):  27.02464pt
number indent by parent (toc, 1):  17.62474pt
text indent calculated (toc, 1): 27.02464pt
number indent calculated (toc, 1): 17.62474pt
number indent by \l@... (toc, 1):  17.62474pt
text indent by \l@... (toc, 1):  27.02464pt
number indent by parent (toc, 1):  17.62474pt
text indent calculated (toc, 1): 27.02464pt
number indent calculated (toc, 1): 17.62474pt
number indent by \l@... (toc, 1):  17.62474pt
text indent by \l@... (toc, 1):  27.02464pt
number indent by parent (toc, 1):  17.62474pt
text indent calculated (toc, 1): 27.02464pt
number indent calculated (toc, 1): 17.62474pt
number indent by \l@... (toc, 1):  17.62474pt
text indent by \l@... (toc, 1):  27.02464pt
number indent by parent (toc, 1):  17.62474pt
text indent calculated (toc, 1): 27.02464pt
number indent calculated (toc, 1): 17.62474pt
number indent by \l@... (toc, 1):  17.62474pt
text indent by \l@... (toc, 1):  27.02464pt
number indent by parent (toc, 1):  17.62474pt
text indent calculated (toc, 1): 27.02464pt
number indent calculated (toc, 1): 17.62474pt
number indent by \l@... (toc, 1):  17.62474pt
text indent by \l@... (toc, 1):  27.02464pt
number indent by parent (toc, 1):  17.62474pt
text indent calculated (toc, 1): 27.02464pt
number indent calculated (toc, 1): 17.62474pt
number indent by \l@... (toc, 0):  0.0pt
text indent by \l@... (toc, 0):  17.62474pt
number indent by parent (toc, 0):  0.0pt
text indent calculated (toc, 0): 17.62474pt
number indent calculated (toc, 0): 0.0pt
number indent by \l@... (toc, 1):  17.62474pt
text indent by \l@... (toc, 1):  27.02464pt
number indent by parent (toc, 1):  17.62474pt
text indent calculated (toc, 1): 27.02464pt
number indent calculated (toc, 1): 17.62474pt
number indent by \l@... (toc, 1):  17.62474pt
text indent by \l@... (toc, 1):  27.02464pt
number indent by parent (toc, 1):  17.62474pt
text indent calculated (toc, 1): 27.02464pt
number indent calculated (toc, 1): 17.62474pt
number indent by \l@... (toc, 1):  17.62474pt
text indent by \l@... (toc, 1):  27.02464pt
number indent by parent (toc, 1):  17.62474pt
text indent calculated (toc, 1): 27.02464pt
number indent calculated (toc, 1): 17.62474pt
number indent by \l@... (toc, 2):  44.64938pt
text indent by \l@... (toc, 2):  37.59943pt
number indent by parent (toc, 2):  44.64938pt
text indent calculated (toc, 2): 37.59943pt
number indent calculated (toc, 2): 44.64938pt
number indent by \l@... (toc, 0):  0.0pt
text indent by \l@... (toc, 0):  17.62474pt
number indent by parent (toc, 0):  0.0pt
text indent calculated (toc, 0): 17.62474pt
number indent calculated (toc, 0): 0.0pt
number indent by \l@... (toc, 1):  17.62474pt
text indent by \l@... (toc, 1):  27.02464pt
number indent by parent (toc, 1):  17.62474pt
text indent calculated (toc, 1): 27.02464pt
number indent calculated (toc, 1): 17.62474pt
number indent by \l@... (toc, 2):  44.64938pt
text indent by \l@... (toc, 2):  37.59943pt
number indent by parent (toc, 2):  44.64938pt
text indent calculated (toc, 2): 37.59943pt
number indent calculated (toc, 2): 44.64938pt
number indent by \l@... (toc, 2):  44.64938pt
text indent by \l@... (toc, 2):  37.59943pt
number indent by parent (toc, 2):  44.64938pt
text indent calculated (toc, 2): 37.59943pt
number indent calculated (toc, 2): 44.64938pt
number indent by \l@... (toc, 3):  82.24883pt
text indent by \l@... (toc, 3):  48.17438pt
number indent by parent (toc, 3):  82.24883pt
text indent calculated (toc, 3): 48.17438pt
number indent calculated (toc, 3): 82.24883pt
number indent by \l@... (toc, 2):  44.64938pt
text indent by \l@... (toc, 2):  37.59943pt
number indent by parent (toc, 2):  44.64938pt
text indent calculated (toc, 2): 37.59943pt
number indent calculated (toc, 2): 44.64938pt
number indent by \l@... (toc, 3):  82.24883pt
text indent by \l@... (toc, 3):  48.17438pt
number indent by parent (toc, 3):  82.24883pt
text indent calculated (toc, 3): 48.17438pt
number indent calculated (toc, 3): 82.24883pt
[5

]
number indent by \l@... (toc, 2):  44.64938pt
text indent by \l@... (toc, 2):  37.59943pt
number indent by parent (toc, 2):  44.64938pt
text indent calculated (toc, 2): 37.59943pt
number indent calculated (toc, 2): 44.64938pt
number indent by \l@... (toc, 2):  44.64938pt
text indent by \l@... (toc, 2):  37.59943pt
number indent by parent (toc, 2):  44.64938pt
text indent calculated (toc, 2): 37.59943pt
number indent calculated (toc, 2): 44.64938pt
number indent by \l@... (toc, 2):  44.64938pt
text indent by \l@... (toc, 2):  37.59943pt
number indent by parent (toc, 2):  44.64938pt
text indent calculated (toc, 2): 37.59943pt
number indent calculated (toc, 2): 44.64938pt
)
\tf@toc=\write5
\openout5 = `CSP-CFP-relationship-in-Africa.toc'.

[6] (./CSP-CFP-relationship-in-Africa.lot)
\tf@lot=\write6
\openout6 = `CSP-CFP-relationship-in-Africa.lot'.

[7


] (./CSP-CFP-relationship-in-Africa.lof)
\tf@lof=\write7
\openout7 = `CSP-CFP-relationship-in-Africa.lof'.

[8


]
No file CSP-CFP-relationship-in-Africa.nls.
Chapter 1.
[1



pdfTeX warning (ext4): destination with the same identifier (name{introduction}
) has been already used, duplicate ignored

\AtBegShi@Output ...ipout \box \AtBeginShipoutBox 
                                                  \fi \fi 
l.439 \chapter{INTRODUCTION}\label{introduction}}
                                                 ]
Chapter 2.
[2

] [3]
Chapter 3.
LaTeX Font Info:    Trying to load font information for T1+lmtt on input line 4
69.
(/Users/odurooppong-nkrumah/Library/TinyTeX/texmf-dist/tex/latex/lm/t1lmtt.fd
File: t1lmtt.fd 2009/10/30 v1.6 Font defs for Latin Modern
) [4

] [5] [6] [7] [8] [9] [10] [11] [12] [13] [14] [15] [16] [17] [18] [19] [20] [2
1] [22] [23] [24] [25] [26] [27] [28] [29] [30] [31] [32] [33] [34] [35]
Chapter 4.
pdfTeX warning (ext4): destination with the same identifier (name{introduction}
) has been already used, duplicate ignored
<to be read again> 
                   \relax 
l.767 ...ection{INTRODUCTION}\label{introduction}}
                                                   [36

] [37] [38] [39] [40] [41] [42] [43] [44] [45] [46] [47]
Package atveryend Info: Empty hook `BeforeClearDocument' on input line 918.
[48]
Package atveryend Info: Empty hook `AfterLastShipout' on input line 918.
(./CSP-CFP-relationship-in-Africa.aux)
Package atveryend Info: Executing hook `AtVeryEndDocument' on input line 918.
Package atveryend Info: Executing hook `AtEndAfterFileList' on input line 918.
Package rerunfilecheck Info: File `CSP-CFP-relationship-in-Africa.out' has not 
changed.
(rerunfilecheck)             Checksum: 4F950CD57C04137734D7D2F1477326A6;4740.

LaTeX Warning: There were multiply-defined labels.

Package atveryend Info: Empty hook `AtVeryVeryEnd' on input line 918.
 ) 
Here is how much of TeX's memory you used:
 17305 strings out of 482824
 263294 string characters out of 5952456
 573681 words of memory out of 5000000
 32226 multiletter control sequences out of 15000+600000
 598254 words of font info for 86 fonts, out of 8000000 for 9000
 14 hyphenation exceptions out of 8191
 57i,12n,107p,1928b,440s stack positions out of 5000i,500n,10000p,200000b,80000s
{/Users/odurooppong-nkrumah/Library/TinyTeX/texmf-dist/fonts/enc/dvips/lm/lm-
ec.enc}{/Users/odurooppong-nkrumah/Library/TinyTeX/texmf-dist/fonts/enc/dvips/l
m/lm-ts1.enc}</Users/odurooppong-nkrumah/Library/TinyTeX/texmf-dist/fonts/type1
/public/lm/lmr12.pfb></Users/odurooppong-nkrumah/Library/TinyTeX/texmf-dist/fon
ts/type1/public/lm/lmri12.pfb></Users/odurooppong-nkrumah/Library/TinyTeX/texmf
-dist/fonts/type1/public/lm/lmtt12.pfb>
Output written on CSP-CFP-relationship-in-Africa.pdf (56 pages, 186173 bytes).
PDF statistics:
 458 PDF objects out of 1000 (max. 8388607)
 393 compressed objects within 4 object streams
 106 named destinations out of 1000 (max. 500000)
 233 words of extra memory for PDF output out of 10000 (max. 10000000)

